  Camera.cpp
  main.cpp
D:\Universitate\Anul 3\Prelucrare Grafica (PG)\Proiect\ProiectPG\ProiectPG\main.cpp(157,21): warning C4244: 'argument': conversion from 'GLfloat' to 'GLint', possible loss of data
D:\Universitate\Anul 3\Prelucrare Grafica (PG)\Proiect\ProiectPG\ProiectPG\main.cpp(159,21): warning C4244: 'argument': conversion from 'GLfloat' to 'GLint', possible loss of data
D:\Universitate\Anul 3\Prelucrare Grafica (PG)\Proiect\ProiectPG\ProiectPG\main.cpp(182,17): warning C4244: '=': conversion from 'double' to 'float', possible loss of data
D:\Universitate\Anul 3\Prelucrare Grafica (PG)\Proiect\ProiectPG\ProiectPG\main.cpp(183,17): warning C4244: '=': conversion from 'double' to 'float', possible loss of data
D:\Universitate\Anul 3\Prelucrare Grafica (PG)\Proiect\ProiectPG\ProiectPG\main.cpp(368,34): warning C4244: '=': conversion from 'GLint' to 'GLfloat', possible loss of data
D:\Universitate\Anul 3\Prelucrare Grafica (PG)\Proiect\ProiectPG\ProiectPG\main.cpp(369,17): warning C4244: 'argument': conversion from 'GLfloat' to 'GLint', possible loss of data
D:\Universitate\Anul 3\Prelucrare Grafica (PG)\Proiect\ProiectPG\ProiectPG\main.cpp(372,40): warning C4244: '=': conversion from 'GLint' to 'GLfloat', possible loss of data
D:\Universitate\Anul 3\Prelucrare Grafica (PG)\Proiect\ProiectPG\ProiectPG\main.cpp(373,17): warning C4244: 'argument': conversion from 'GLfloat' to 'GLint', possible loss of data
  Generating code
  6 of 1810 functions ( 0.3%) were compiled, the rest were copied from previous compilation.
    2 functions were new in current compilation
    20 functions had inline decision re-evaluated but remain unchanged
  Finished generating code
LINK : warning LNK4286: symbol '__glewGenBuffers' defined in 'libglew32.lib(glew.obj)' is imported by 'Mesh.obj'
LINK : warning LNK4286: symbol '__glewGenVertexArrays' defined in 'libglew32.lib(glew.obj)' is imported by 'Mesh.obj'
LINK : warning LNK4286: symbol '__glewActiveTexture' defined in 'libglew32.lib(glew.obj)' is imported by 'Mesh.obj'
LINK : warning LNK4286: symbol '__glewBufferData' defined in 'libglew32.lib(glew.obj)' is imported by 'Mesh.obj'
LINK : warning LNK4286: symbol '__glewGetUniformLocation' defined in 'libglew32.lib(glew.obj)' is imported by 'Mesh.obj'
LINK : warning LNK4286: symbol '__glewUniform1i' defined in 'libglew32.lib(glew.obj)' is imported by 'Mesh.obj'
LINK : warning LNK4286: symbol '__glewBindBuffer' defined in 'libglew32.lib(glew.obj)' is imported by 'Mesh.obj'
LINK : warning LNK4286: symbol '__glewVertexAttribPointer' defined in 'libglew32.lib(glew.obj)' is imported by 'Mesh.obj'
LINK : warning LNK4286: symbol '__glewBindVertexArray' defined in 'libglew32.lib(glew.obj)' is imported by 'Mesh.obj'
LINK : warning LNK4286: symbol '__glewEnableVertexAttribArray' defined in 'libglew32.lib(glew.obj)' is imported by 'Mesh.obj'
LINK : warning LNK4286: symbol '__glewDeleteBuffers' defined in 'libglew32.lib(glew.obj)' is imported by 'Model3D.obj'
LINK : warning LNK4286: symbol '__glewGenerateMipmap' defined in 'libglew32.lib(glew.obj)' is imported by 'Model3D.obj'
LINK : warning LNK4286: symbol '__glewDeleteVertexArrays' defined in 'libglew32.lib(glew.obj)' is imported by 'Model3D.obj'
LINK : warning LNK4286: symbol '__glewLinkProgram' defined in 'libglew32.lib(glew.obj)' is imported by 'Shader.obj'
LINK : warning LNK4286: symbol '__glewDeleteShader' defined in 'libglew32.lib(glew.obj)' is imported by 'Shader.obj'
LINK : warning LNK4286: symbol '__glewGetProgramInfoLog' defined in 'libglew32.lib(glew.obj)' is imported by 'Shader.obj'
LINK : warning LNK4286: symbol '__glewShaderSource' defined in 'libglew32.lib(glew.obj)' is imported by 'Shader.obj'
LINK : warning LNK4286: symbol '__glewAttachShader' defined in 'libglew32.lib(glew.obj)' is imported by 'Shader.obj'
LINK : warning LNK4286: symbol '__glewGetProgramiv' defined in 'libglew32.lib(glew.obj)' is imported by 'Shader.obj'
LINK : warning LNK4286: symbol '__glewGetShaderInfoLog' defined in 'libglew32.lib(glew.obj)' is imported by 'Shader.obj'
LINK : warning LNK4286: symbol '__glewCreateProgram' defined in 'libglew32.lib(glew.obj)' is imported by 'Shader.obj'
LINK : warning LNK4286: symbol '__glewCreateShader' defined in 'libglew32.lib(glew.obj)' is imported by 'Shader.obj'
LINK : warning LNK4286: symbol '__glewCompileShader' defined in 'libglew32.lib(glew.obj)' is imported by 'Shader.obj'
LINK : warning LNK4286: symbol '__glewGetShaderiv' defined in 'libglew32.lib(glew.obj)' is imported by 'Shader.obj'
LINK : warning LNK4286: symbol '__glewUseProgram' defined in 'libglew32.lib(glew.obj)' is imported by 'Shader.obj'
LINK : warning LNK4286: symbol '__glewUniformMatrix4fv' defined in 'libglew32.lib(glew.obj)' is imported by 'SkyBox.obj'
LINK : warning LNK4286: symbol 'glewInit' defined in 'libglew32.lib(glew.obj)' is imported by 'Window.obj'
LINK : warning LNK4286: symbol 'glewExperimental' defined in 'libglew32.lib(glew.obj)' is imported by 'Window.obj'
  ProiectPG.vcxproj -> D:\Universitate\Anul 3\Prelucrare Grafica (PG)\Proiect\ProiectPG\x64\Release\ProiectPG.exe
